<?xml version="1.0" encoding="UTF-8"?>
<!-- Generated by org.testng.reporters.JUnitReportReporter -->
<testsuite hostname="Viraj-Laptop" failures="0" tests="1" name="TestFile.Ticket_Booking_Test" time="64.422" errors="0" timestamp="2022-08-14T07:14:24 IST" skipped="0">
  <testcase classname="TestFile.Ticket_Booking_Test" name="assessment" time="64.422"/>
  <system-out/>
</testsuite> <!-- TestFile.Ticket_Booking_Test -->
